<?xml version="1.0" encoding="UTF-8"?>
<!-- Generated by org.testng.reporters.JUnitReportReporter -->
<testsuite hostname="DESKTOP-IEPVL3O" failures="0" tests="2" name="testclasses.LoginTest" time="0.608" errors="0" timestamp="2024-01-29T14:04:41 IST" skipped="0">
  <testcase classname="testclasses.LoginTest" name="verifyCredential" time="0.445"/>
  <system-out/>
  <testcase classname="testclasses.LoginTest" name="verifyLoginButtonfun" time="0.163"/>
  <system-out/>
</testsuite> <!-- testclasses.LoginTest -->
